#
# There is insufficient memory for the Java Runtime Environment to continue.
# Native memory allocation (malloc) failed to allocate 32784 bytes for Chunk::new
# Possible reasons:
#   The system is out of physical RAM or swap space
#   In 32 bit mode, the process size limit was hit
# Possible solutions:
#   Reduce memory load on the system
#   Increase physical memory or swap space
#   Check if swap backing store is full
#   Use 64 bit Java on a 64 bit OS
#   Decrease Java heap size (-Xmx/-Xms)
#   Decrease number of Java threads
#   Decrease Java thread stack sizes (-Xss)
#   Set larger code cache with -XX:ReservedCodeCacheSize=
# This output file may be truncated or incomplete.
#
#  Out of Memory Error (allocation.cpp:390), pid=8968, tid=0x00000000000023ac
#
# JRE version: Java(TM) SE Runtime Environment (8.0_112-b15) (build 1.8.0_112-b15)
# Java VM: Java HotSpot(TM) 64-Bit Server VM (25.112-b15 mixed mode windows-amd64 compressed oops)
# Failed to write core dump. Minidumps are not enabled by default on client versions of Windows
#

---------------  T H R E A D  ---------------

Current thread (0x000000001b35b000):  JavaThread "C2 CompilerThread0" daemon [_thread_in_native, id=9132, stack(0x000000001bb50000,0x000000001bc50000)]

Stack: [0x000000001bb50000,0x000000001bc50000]
[error occurred during error reporting (printing stack bounds), id 0xc0000005]

Native frames: (J=compiled Java code, j=interpreted, Vv=VM code, C=native code)


Current CompileTask:
C2: 148911 5998 % !   4       org.springframework.beans.factory.support.DefaultListableBeanFactory::doGetBeanNamesForType @ 20 (593 bytes)


---------------  P R O C E S S  ---------------

Java Threads: ( => current thread )
  0x000000001fde2800 JavaThread "Abandoned connection cleanup thread" daemon [_thread_blocked, id=8832, stack(0x0000000022fb0000,0x00000000230b0000)]
  0x000000001fde1800 JavaThread "Tomcat JDBC Pool Cleaner[414493378:1532162311298]" daemon [_thread_blocked, id=9036, stack(0x000000001d2e0000,0x000000001d3e0000)]
  0x000000001fde1000 JavaThread "DiscoveryClient-2" daemon [_thread_blocked, id=5624, stack(0x000000001e580000,0x000000001e680000)]
  0x000000001ca69800 JavaThread "DiscoveryClient-HeartbeatExecutor-0" daemon [_thread_blocked, id=6852, stack(0x00000000274d0000,0x00000000275d0000)]
  0x000000001ca69000 JavaThread "DiscoveryClient-CacheRefreshExecutor-0" daemon [_thread_blocked, id=5272, stack(0x0000000024260000,0x0000000024360000)]
  0x000000001fde0000 JavaThread "DestroyJavaVM" [_thread_blocked, id=8336, stack(0x00000000025c0000,0x00000000026c0000)]
  0x000000001df71800 JavaThread "http-nio-8083-AsyncTimeout" daemon [_thread_blocked, id=4844, stack(0x0000000028790000,0x0000000028890000)]
  0x000000001df70800 JavaThread "http-nio-8083-Acceptor-0" daemon [_thread_in_native, id=8820, stack(0x0000000028650000,0x0000000028750000)]
  0x000000001df70000 JavaThread "http-nio-8083-ClientPoller-1" daemon [_thread_in_native, id=8592, stack(0x00000000284d0000,0x00000000285d0000)]
  0x000000001df6f000 JavaThread "http-nio-8083-ClientPoller-0" daemon [_thread_in_native, id=8836, stack(0x0000000028260000,0x0000000028360000)]
  0x000000001df6e000 JavaThread "http-nio-8083-exec-10" daemon [_thread_blocked, id=4820, stack(0x0000000024dc0000,0x0000000024ec0000)]
  0x000000001df6d800 JavaThread "http-nio-8083-exec-9" daemon [_thread_blocked, id=8768, stack(0x0000000028100000,0x0000000028200000)]
  0x000000001df6c800 JavaThread "http-nio-8083-exec-8" daemon [_thread_in_vm, id=6776, stack(0x0000000027ef0000,0x0000000027ff0000)]
  0x000000001df6c000 JavaThread "http-nio-8083-exec-7" daemon [_thread_blocked, id=1848, stack(0x0000000027830000,0x0000000027930000)]
  0x000000001df6b000 JavaThread "http-nio-8083-exec-6" daemon [_thread_blocked, id=6796, stack(0x00000000276f0000,0x00000000277f0000)]
  0x000000001df6a800 JavaThread "http-nio-8083-exec-5" daemon [_thread_blocked, id=7648, stack(0x00000000275d0000,0x00000000276d0000)]
  0x000000001f9d8000 JavaThread "http-nio-8083-exec-4" daemon [_thread_blocked, id=7916, stack(0x0000000026120000,0x0000000026220000)]
  0x000000001f9d7800 JavaThread "http-nio-8083-exec-3" daemon [_thread_blocked, id=8032, stack(0x0000000026250000,0x0000000026350000)]
  0x000000001f9d6800 JavaThread "http-nio-8083-exec-2" daemon [_thread_blocked, id=7460, stack(0x00000000230e0000,0x00000000231e0000)]
  0x000000001f9d6000 JavaThread "http-nio-8083-exec-1" daemon [_thread_blocked, id=8396, stack(0x0000000024850000,0x0000000024950000)]
  0x000000001f9d5000 JavaThread "NioBlockingSelector.BlockPoller-1" daemon [_thread_in_native, id=7808, stack(0x00000000231e0000,0x00000000232e0000)]
  0x000000001f9d4800 JavaThread "DiscoveryClient-InstanceInfoReplicator-0" daemon [_thread_blocked, id=8700, stack(0x00000000263c0000,0x00000000264c0000)]
  0x000000001f9d3800 JavaThread "DiscoveryClient-1" daemon [_thread_blocked, id=760, stack(0x0000000027bf0000,0x0000000027cf0000)]
  0x000000001ca66000 JavaThread "DiscoveryClient-0" daemon [_thread_blocked, id=7328, stack(0x0000000021e20000,0x0000000021f20000)]
  0x000000001ca65000 JavaThread "AsyncResolver-bootstrap-0" daemon [_thread_blocked, id=6596, stack(0x0000000027aa0000,0x0000000027ba0000)]
  0x000000001ca64800 JavaThread "Eureka-JerseyClient-Conn-Cleaner2" daemon [_thread_blocked, id=7964, stack(0x0000000027940000,0x0000000027a40000)]
  0x000000001ca63800 JavaThread "Eureka-JerseyClient-Conn-Cleaner2" daemon [_thread_blocked, id=6784, stack(0x0000000023ac0000,0x0000000023bc0000)]
  0x000000001f9d3000 JavaThread "File Watcher" daemon [_thread_blocked, id=8568, stack(0x0000000024cc0000,0x0000000024dc0000)]
  0x000000001f9d2000 JavaThread "container-0" [_thread_blocked, id=8856, stack(0x0000000024980000,0x0000000024a80000)]
  0x000000001f9d1800 JavaThread "ContainerBackgroundProcessor[StandardEngine[Tomcat]]" daemon [_thread_blocked, id=6304, stack(0x00000000246b0000,0x00000000247b0000)]
  0x000000001ca67800 JavaThread "AsyncAppender-Worker-async-rollingFile" daemon [_thread_blocked, id=1372, stack(0x0000000023780000,0x0000000023880000)]
  0x000000001ca66800 JavaThread "AsyncAppender-Worker-async-stdout" daemon [_thread_blocked, id=7712, stack(0x000000001d440000,0x000000001d540000)]
  0x000000001ca63000 JavaThread "spring.cloud.inetutils" daemon [_thread_blocked, id=8056, stack(0x000000001e8f0000,0x000000001e9f0000)]
  0x000000001b3d6800 JavaThread "Service Thread" daemon [_thread_blocked, id=7796, stack(0x000000001c0d0000,0x000000001c1d0000)]
  0x000000001b2f4800 JavaThread "C1 CompilerThread2" daemon [_thread_in_native, id=8156, stack(0x000000001bfa0000,0x000000001c0a0000)]
  0x000000001b358000 JavaThread "C2 CompilerThread1" daemon [_thread_in_native, id=5760, stack(0x000000001be20000,0x000000001bf20000)]
=>0x000000001b35b000 JavaThread "C2 CompilerThread0" daemon [_thread_in_native, id=9132, stack(0x000000001bb50000,0x000000001bc50000)]
  0x000000001af9f000 JavaThread "Monitor Ctrl-Break" daemon [_thread_in_native, id=8224, stack(0x000000001ba00000,0x000000001bb00000)]
  0x00000000198c5000 JavaThread "Attach Listener" daemon [_thread_blocked, id=3936, stack(0x000000001a6e0000,0x000000001a7e0000)]
  0x00000000198cf000 JavaThread "Signal Dispatcher" daemon [_thread_blocked, id=7892, stack(0x000000001b0b0000,0x000000001b1b0000)]
  0x00000000198af000 JavaThread "Finalizer" daemon [_thread_blocked, id=8672, stack(0x000000001aaa0000,0x000000001aba0000)]
  0x0000000019867800 JavaThread "Reference Handler" daemon [_thread_blocked, id=7356, stack(0x000000001a960000,0x000000001aa60000)]

Other Threads:
  0x0000000019860000 VMThread [stack: 0x000000001a800000,0x000000001a900000] [id=9176]
  0x000000001b429000 WatcherThread [stack: 0x000000001bca0000,0x000000001bda0000] [id=7636]

VM state:not at safepoint (normal execution)

VM Mutex/Monitor currently owned by a thread: None

Heap:
 PSYoungGen      total 524800K, used 40992K [0x0000000782400000, 0x00000007a3880000, 0x00000007c0000000)
  eden space 504320K, 4% used [0x0000000782400000,0x000000078380a540,0x00000007a1080000)
  from space 20480K, 99% used [0x00000007a1080000,0x00000007a247de50,0x00000007a2480000)
  to   space 16384K, 0% used [0x00000007a2600000,0x00000007a2600000,0x00000007a3600000)
 ParOldGen       total 109056K, used 27622K [0x0000000706c00000, 0x000000070d680000, 0x0000000782400000)
  object space 109056K, 25% used [0x0000000706c00000,0x00000007086f9bb0,0x000000070d680000)
 Metaspace       used 50758K, capacity 51532K, committed 51968K, reserved 1095680K
  class space    used 6400K, capacity 6624K, committed 6656K, reserved 1048576K

Card table byte_map: [0x0000000011b90000,0x0000000012160000] byte_map_base: 0x000000000e35a000

Marking Bits: (ParMarkBitMap*) 0x000000006feaa6d0
 Begin Bits: [0x0000000012c60000, 0x0000000015ab0000)
 End Bits:   [0x0000000015ab0000, 0x0000000018900000)

Polling page: 0x0000000000130000

CodeCache: size=245760Kb used=18220Kb max_used=18613Kb free=227539Kb
 bounds [0x00000000027d0000, 0x0000000003a20000, 0x00000000117d0000]
 total_blobs=5568 nmethods=5088 adapters=392
 compilation: enabled

Compilation events (10 events):
Event: 148.706 Thread 0x000000001b2f4800 6025   !   3       java.util.logging.LogManager::getUserContext (119 bytes)
Event: 148.708 Thread 0x000000001b2f4800 nmethod 6025 0x0000000002da7290 code [0x0000000002da74c0, 0x0000000002da8028]
Event: 148.708 Thread 0x000000001b2f4800 6026       3       sun.misc.SharedSecrets::getJavaAWTAccess (12 bytes)
Event: 148.708 Thread 0x000000001b2f4800 nmethod 6026 0x000000000323ea90 code [0x000000000323ebe0, 0x000000000323ed70]
Event: 148.735 Thread 0x000000001b2f4800 6027       3       java.util.jar.JarFile::getEntry (22 bytes)
Event: 148.736 Thread 0x000000001b2f4800 nmethod 6027 0x0000000003217390 code [0x0000000003217520, 0x0000000003217878]
Event: 148.737 Thread 0x000000001b2f4800 6028   !   3       java.net.URL::<init> (543 bytes)
Event: 148.742 Thread 0x000000001b2f4800 nmethod 6028 0x0000000002a8cdd0 code [0x0000000002a8d280, 0x0000000002a903b8]
Event: 148.773 Thread 0x000000001b2f4800 6029       1       java.util.regex.Pattern::flags (5 bytes)
Event: 148.773 Thread 0x000000001b2f4800 nmethod 6029 0x0000000002da6fd0 code [0x0000000002da7120, 0x0000000002da7230]

GC Heap History (10 events):
Event: 21.675 GC heap before
{Heap before GC invocations=7 (full 1):
 PSYoungGen      total 200192K, used 200162K [0x0000000782400000, 0x0000000797a00000, 0x00000007c0000000)
  eden space 192512K, 100% used [0x0000000782400000,0x000000078e000000,0x000000078e000000)
  from space 7680K, 99% used [0x000000078e000000,0x000000078e7788f8,0x000000078e780000)
  to   space 15360K, 0% used [0x0000000796b00000,0x0000000796b00000,0x0000000797a00000)
 ParOldGen       total 72704K, used 13844K [0x0000000706c00000, 0x000000070b300000, 0x0000000782400000)
  object space 72704K, 19% used [0x0000000706c00000,0x0000000707985018,0x000000070b300000)
 Metaspace       used 33535K, capacity 34004K, committed 34432K, reserved 1079296K
  class space    used 4253K, capacity 4388K, committed 4480K, reserved 1048576K
Event: 21.723 GC heap after
Heap after GC invocations=7 (full 1):
 PSYoungGen      total 324096K, used 11679K [0x0000000782400000, 0x0000000797680000, 0x00000007c0000000)
  eden space 312320K, 0% used [0x0000000782400000,0x0000000782400000,0x0000000795500000)
  from space 11776K, 99% used [0x0000000796b00000,0x0000000797667f18,0x0000000797680000)
  to   space 15872K, 0% used [0x0000000795780000,0x0000000795780000,0x0000000796700000)
 ParOldGen       total 72704K, used 13852K [0x0000000706c00000, 0x000000070b300000, 0x0000000782400000)
  object space 72704K, 19% used [0x0000000706c00000,0x0000000707987018,0x000000070b300000)
 Metaspace       used 33535K, capacity 34004K, committed 34432K, reserved 1079296K
  class space    used 4253K, capacity 4388K, committed 4480K, reserved 1048576K
}
Event: 22.992 GC heap before
{Heap before GC invocations=8 (full 1):
 PSYoungGen      total 324096K, used 136777K [0x0000000782400000, 0x0000000797680000, 0x00000007c0000000)
  eden space 312320K, 40% used [0x0000000782400000,0x0000000789e2a740,0x0000000795500000)
  from space 11776K, 99% used [0x0000000796b00000,0x0000000797667f18,0x0000000797680000)
  to   space 15872K, 0% used [0x0000000795780000,0x0000000795780000,0x0000000796700000)
 ParOldGen       total 72704K, used 13852K [0x0000000706c00000, 0x000000070b300000, 0x0000000782400000)
  object space 72704K, 19% used [0x0000000706c00000,0x0000000707987018,0x000000070b300000)
 Metaspace       used 34818K, capacity 35200K, committed 35496K, reserved 1081344K
  class space    used 4438K, capacity 4550K, committed 4608K, reserved 1048576K
Event: 23.014 GC heap after
Heap after GC invocations=8 (full 1):
 PSYoungGen      total 330752K, used 12125K [0x0000000782400000, 0x00000007a3600000, 0x00000007c0000000)
  eden space 314880K, 0% used [0x0000000782400000,0x0000000782400000,0x0000000795780000)
  from space 15872K, 76% used [0x0000000795780000,0x00000007963576b0,0x0000000796700000)
  to   space 16384K, 0% used [0x00000007a2600000,0x00000007a2600000,0x00000007a3600000)
 ParOldGen       total 72704K, used 13852K [0x0000000706c00000, 0x000000070b300000, 0x0000000782400000)
  object space 72704K, 19% used [0x0000000706c00000,0x0000000707987018,0x000000070b300000)
 Metaspace       used 34818K, capacity 35200K, committed 35496K, reserved 1081344K
  class space    used 4438K, capacity 4550K, committed 4608K, reserved 1048576K
}
Event: 23.014 GC heap before
{Heap before GC invocations=9 (full 2):
 PSYoungGen      total 330752K, used 12125K [0x0000000782400000, 0x00000007a3600000, 0x00000007c0000000)
  eden space 314880K, 0% used [0x0000000782400000,0x0000000782400000,0x0000000795780000)
  from space 15872K, 76% used [0x0000000795780000,0x00000007963576b0,0x0000000796700000)
  to   space 16384K, 0% used [0x00000007a2600000,0x00000007a2600000,0x00000007a3600000)
 ParOldGen       total 72704K, used 13852K [0x0000000706c00000, 0x000000070b300000, 0x0000000782400000)
  object space 72704K, 19% used [0x0000000706c00000,0x0000000707987018,0x000000070b300000)
 Metaspace       used 34818K, capacity 35200K, committed 35496K, reserved 1081344K
  class space    used 4438K, capacity 4550K, committed 4608K, reserved 1048576K
Event: 23.143 GC heap after
Heap after GC invocations=9 (full 2):
 PSYoungGen      total 330752K, used 0K [0x0000000782400000, 0x00000007a3600000, 0x00000007c0000000)
  eden space 314880K, 0% used [0x0000000782400000,0x0000000782400000,0x0000000795780000)
  from space 15872K, 0% used [0x0000000795780000,0x0000000795780000,0x0000000796700000)
  to   space 16384K, 0% used [0x00000007a2600000,0x00000007a2600000,0x00000007a3600000)
 ParOldGen       total 109056K, used 17665K [0x0000000706c00000, 0x000000070d680000, 0x0000000782400000)
  object space 109056K, 16% used [0x0000000706c00000,0x0000000707d40408,0x000000070d680000)
 Metaspace       used 34818K, capacity 35200K, committed 35496K, reserved 1081344K
  class space    used 4438K, capacity 4550K, committed 4608K, reserved 1048576K
}
Event: 29.594 GC heap before
{Heap before GC invocations=10 (full 2):
 PSYoungGen      total 330752K, used 314880K [0x0000000782400000, 0x00000007a3600000, 0x00000007c0000000)
  eden space 314880K, 100% used [0x0000000782400000,0x0000000795780000,0x0000000795780000)
  from space 15872K, 0% used [0x0000000795780000,0x0000000795780000,0x0000000796700000)
  to   space 16384K, 0% used [0x00000007a2600000,0x00000007a2600000,0x00000007a3600000)
 ParOldGen       total 109056K, used 17665K [0x0000000706c00000, 0x000000070d680000, 0x0000000782400000)
  object space 109056K, 16% used [0x0000000706c00000,0x0000000707d40408,0x000000070d680000)
 Metaspace       used 43806K, capacity 44350K, committed 44928K, reserved 1089536K
  class space    used 5577K, capacity 5725K, committed 5760K, reserved 1048576K
Event: 29.628 GC heap after
Heap after GC invocations=10 (full 2):
 PSYoungGen      total 520704K, used 16363K [0x0000000782400000, 0x00000007a3880000, 0x00000007c0000000)
  eden space 504320K, 0% used [0x0000000782400000,0x0000000782400000,0x00000007a1080000)
  from space 16384K, 99% used [0x00000007a2600000,0x00000007a35fae00,0x00000007a3600000)
  to   space 20480K, 0% used [0x00000007a1080000,0x00000007a1080000,0x00000007a2480000)
 ParOldGen       total 109056K, used 21362K [0x0000000706c00000, 0x000000070d680000, 0x0000000782400000)
  object space 109056K, 19% used [0x0000000706c00000,0x00000007080dcbd0,0x000000070d680000)
 Metaspace       used 43806K, capacity 44350K, committed 44928K, reserved 1089536K
  class space    used 5577K, capacity 5725K, committed 5760K, reserved 1048576K
}
Event: 148.310 GC heap before
{Heap before GC invocations=11 (full 2):
 PSYoungGen      total 520704K, used 520683K [0x0000000782400000, 0x00000007a3880000, 0x00000007c0000000)
  eden space 504320K, 100% used [0x0000000782400000,0x00000007a1080000,0x00000007a1080000)
  from space 16384K, 99% used [0x00000007a2600000,0x00000007a35fae00,0x00000007a3600000)
  to   space 20480K, 0% used [0x00000007a1080000,0x00000007a1080000,0x00000007a2480000)
 ParOldGen       total 109056K, used 21362K [0x0000000706c00000, 0x000000070d680000, 0x0000000782400000)
  object space 109056K, 19% used [0x0000000706c00000,0x00000007080dcbd0,0x000000070d680000)
 Metaspace       used 49777K, capacity 50470K, committed 50816K, reserved 1093632K
  class space    used 6282K, capacity 6463K, committed 6528K, reserved 1048576K
Event: 148.362 GC heap after
Heap after GC invocations=11 (full 2):
 PSYoungGen      total 524800K, used 20471K [0x0000000782400000, 0x00000007a3880000, 0x00000007c0000000)
  eden space 504320K, 0% used [0x0000000782400000,0x0000000782400000,0x00000007a1080000)
  from space 20480K, 99% used [0x00000007a1080000,0x00000007a247de50,0x00000007a2480000)
  to   space 16384K, 0% used [0x00000007a2600000,0x00000007a2600000,0x00000007a3600000)
 ParOldGen       total 109056K, used 27622K [0x0000000706c00000, 0x000000070d680000, 0x0000000782400000)
  object space 109056K, 25% used [0x0000000706c00000,0x00000007086f9bb0,0x000000070d680000)
 Metaspace       used 49777K, capacity 50470K, committed 50816K, reserved 1093632K
  class space    used 6282K, capacity 6463K, committed 6528K, reserved 1048576K
}

Deoptimization events (10 events):
Event: 35.519 Thread 0x000000001c3e2000 Uncommon trap: reason=unstable_if action=reinterpret pc=0x0000000002e1ce68 method=org.springframework.util.ConcurrentReferenceHashMap$Segment.restructureIfNecessary(Z)V @ 33
Event: 57.030 Thread 0x000000001f9d1800 Uncommon trap: reason=predicate action=maybe_recompile pc=0x000000000332ad84 method=java.util.AbstractCollection.addAll(Ljava/util/Collection;)Z @ 18
Event: 148.515 Thread 0x000000001df6c800 Uncommon trap: reason=bimorphic action=maybe_recompile pc=0x0000000003593b08 method=java.util.AbstractList$Itr.next()Ljava/lang/Object; @ 14
Event: 148.515 Thread 0x000000001df6c800 Uncommon trap: reason=bimorphic action=maybe_recompile pc=0x0000000003593b08 method=java.util.AbstractList$Itr.next()Ljava/lang/Object; @ 14
Event: 148.515 Thread 0x000000001df6c800 Uncommon trap: reason=bimorphic action=maybe_recompile pc=0x0000000003593b08 method=java.util.AbstractList$Itr.next()Ljava/lang/Object; @ 14
Event: 148.516 Thread 0x000000001df6c800 Uncommon trap: reason=bimorphic action=maybe_recompile pc=0x0000000003593b08 method=java.util.AbstractList$Itr.next()Ljava/lang/Object; @ 14
Event: 148.540 Thread 0x000000001df6c800 Uncommon trap: reason=null_check action=make_not_entrant pc=0x00000000039d9368 method=org.springframework.core.annotation.AnnotatedElementUtils.searchWithFindSemantics(Ljava/lang/reflect/AnnotatedElement;Ljava/lang/Class;Ljava/lang/String;Ljava/lang/Class
Event: 148.715 Thread 0x000000001fde2800 Uncommon trap: reason=unstable_if action=reinterpret pc=0x0000000002a2a27c method=java.util.zip.ZipCoder.getBytes(Ljava/lang/String;)[B @ 32
Event: 148.732 Thread 0x000000001fde2800 Uncommon trap: reason=unstable_if action=reinterpret pc=0x0000000002c18b00 method=java.net.URL.<init>(Ljava/net/URL;Ljava/lang/String;Ljava/net/URLStreamHandler;)V @ 57
Event: 148.732 Thread 0x000000001fde2800 Uncommon trap: reason=unstable_if action=reinterpret pc=0x00000000036137f8 method=java.net.URLStreamHandler.parseURL(Ljava/net/URL;Ljava/lang/String;II)V @ 57

Internal exceptions (10 events):
Event: 148.431 Thread 0x000000001df6c800 Exception <a 'java/lang/ClassNotFoundException': org/springframework/web/servlet/RequestToViewNameTranslatorCustomizer> (0x00000007829b5660) thrown at [C:\re\workspace\8-2-build-windows-amd64-cygwin\jdk8u112\7884\hotspot\src\share\vm\classfile\systemDicti
Event: 148.451 Thread 0x000000001df6c800 Exception <a 'java/lang/ClassNotFoundException': java/lang/ObjectCustomizer> (0x0000000782a09058) thrown at [C:\re\workspace\8-2-build-windows-amd64-cygwin\jdk8u112\7884\hotspot\src\share\vm\classfile\systemDictionary.cpp, line 210]
Event: 148.455 Thread 0x000000001df6c800 Exception <a 'java/lang/ClassNotFoundException': org/springframework/web/servlet/support/AbstractFlashMapManagerCustomizer> (0x0000000782a3a9f8) thrown at [C:\re\workspace\8-2-build-windows-amd64-cygwin\jdk8u112\7884\hotspot\src\share\vm\classfile\systemD
Event: 148.458 Thread 0x000000001df6c800 Exception <a 'java/lang/ClassNotFoundException': org/springframework/web/servlet/support/SessionFlashMapManagerCustomizer> (0x0000000782a70220) thrown at [C:\re\workspace\8-2-build-windows-amd64-cygwin\jdk8u112\7884\hotspot\src\share\vm\classfile\systemDi
Event: 148.464 Thread 0x000000001df6c800 Exception <a 'java/lang/ClassNotFoundException': org/springframework/web/servlet/FlashMapManagerCustomizer> (0x0000000782a9a2b0) thrown at [C:\re\workspace\8-2-build-windows-amd64-cygwin\jdk8u112\7884\hotspot\src\share\vm\classfile\systemDictionary.cpp, l
Event: 148.540 Thread 0x000000001df6c800 Implicit null exception at 0x00000000039cf9af to 0x00000000039d9315
Event: 148.764 Thread 0x000000001df6c800 Exception <a 'java/lang/OutOfMemoryError'> (0x00000007836624a8) thrown at [C:\re\workspace\8-2-build-windows-amd64-cygwin\jdk8u112\7884\hotspot\src\share\vm\prims\jni.cpp, line 735]
Event: 148.765 Thread 0x000000001df6c800 Exception <a 'java/lang/OutOfMemoryError'> (0x00000007836624a8) thrown at [C:\re\workspace\8-2-build-windows-amd64-cygwin\jdk8u112\7884\hotspot\src\share\vm\prims\jvm.cpp, line 1394]
Event: 148.765 Thread 0x000000001df6c800 Exception <a 'java/lang/reflect/InvocationTargetException'> (0x0000000783662c68) thrown at [C:\re\workspace\8-2-build-windows-amd64-cygwin\jdk8u112\7884\hotspot\src\share\vm\runtime\reflection.cpp, line 1092]
Event: 148.766 Thread 0x000000001df6c800 Exception <a 'java/lang/reflect/InvocationTargetException'> (0x000000078366d378) thrown at [C:\re\workspace\8-2-build-windows-amd64-cygwin\jdk8u112\7884\hotspot\src\share\vm\runtime\reflection.cpp, line 1092]

Events (10 events):
Event: 148.772 loading class java/util/regex/Pattern$Pos
Event: 148.773 loading class java/util/regex/Pattern$Pos done
Event: 148.775 loading class org/springframework/boot/actuate/trace/WebRequestTraceFilter$CustomStatusResponseWrapper
Event: 148.775 loading class org/springframework/boot/actuate/trace/WebRequestTraceFilter$CustomStatusResponseWrapper done
Event: 148.775 loading class javax/servlet/http/HttpServletResponseWrapper
Event: 148.775 loading class javax/servlet/http/HttpServletResponseWrapper done
Event: 148.776 loading class javax/servlet/ServletResponseWrapper
Event: 148.776 loading class javax/servlet/ServletResponseWrapper done
Event: 148.777 loading class com/netflix/servo/monitor/DoubleGauge
Event: 148.777 loading class com/netflix/servo/monitor/DoubleGauge done


Dynamic libraries:
0x000000013f580000 - 0x000000013f5b7000 	C:\soft\jdk1.8.0_112\bin\java.exe
0x0000000076df0000 - 0x0000000076f9a000 	C:\Windows\SYSTEM32\ntdll.dll
0x0000000076bd0000 - 0x0000000076cef000 	C:\Windows\system32\kernel32.dll
0x000007fefcea0000 - 0x000007fefcf0a000 	C:\Windows\system32\KERNELBASE.dll
0x000007fefec30000 - 0x000007fefed0b000 	C:\Windows\system32\ADVAPI32.dll
0x000007fefeaa0000 - 0x000007fefeb3f000 	C:\Windows\system32\msvcrt.dll
0x000007fefd0c0000 - 0x000007fefd0df000 	C:\Windows\SYSTEM32\sechost.dll
0x000007fefed10000 - 0x000007fefee3d000 	C:\Windows\system32\RPCRT4.dll
0x0000000076cf0000 - 0x0000000076dea000 	C:\Windows\system32\USER32.dll
0x000007fefd050000 - 0x000007fefd0b7000 	C:\Windows\system32\GDI32.dll
0x000007fefcf30000 - 0x000007fefcf3e000 	C:\Windows\system32\LPK.dll
0x000007fefd710000 - 0x000007fefd7da000 	C:\Windows\system32\USP10.dll
0x000007fefb1d0000 - 0x000007fefb3c4000 	C:\Windows\WinSxS\amd64_microsoft.windows.common-controls_6595b64144ccf1df_6.0.7601.23403_none_e36ad4593102f066\COMCTL32.dll
0x000007fefd410000 - 0x000007fefd481000 	C:\Windows\system32\SHLWAPI.dll
0x000007feff0d0000 - 0x000007feff0fe000 	C:\Windows\system32\IMM32.DLL
0x000007fefcf40000 - 0x000007fefd049000 	C:\Windows\system32\MSCTF.dll
0x000007fefcaa0000 - 0x000007fefcad2000 	C:\Windows\system32\nvinitx.dll
0x000007fefca90000 - 0x000007fefca9c000 	C:\Windows\system32\VERSION.dll
0x00000000747a0000 - 0x00000000747a6000 	C:\Program Files\NVIDIA Corporation\CoProcManager\detoured.dll
0x000007fefa5e0000 - 0x000007fefa618000 	C:\Program Files\NVIDIA Corporation\CoProcManager\nvd3d9wrapx.dll
0x000007fefd490000 - 0x000007fefd667000 	C:\Windows\system32\SETUPAPI.dll
0x000007fefcc00000 - 0x000007fefcc36000 	C:\Windows\system32\CFGMGR32.dll
0x000007fefeb50000 - 0x000007fefec28000 	C:\Windows\system32\OLEAUT32.dll
0x000007fefd7e0000 - 0x000007fefd9e3000 	C:\Windows\system32\ole32.dll
0x000007fefcf10000 - 0x000007fefcf2a000 	C:\Windows\system32\DEVOBJ.dll
0x000007fefa5b0000 - 0x000007fefa5d4000 	C:\Program Files\NVIDIA Corporation\CoProcManager\nvdxgiwrapx.dll
0x0000000078e50000 - 0x0000000078f22000 	C:\soft\jdk1.8.0_112\jre\bin\msvcr100.dll
0x000000006f690000 - 0x000000006ff2a000 	C:\soft\jdk1.8.0_112\jre\bin\server\jvm.dll
0x000007fef6320000 - 0x000007fef6329000 	C:\Windows\system32\WSOCK32.dll
0x000007fefd9f0000 - 0x000007fefda3d000 	C:\Windows\system32\WS2_32.dll
0x000007fefeb40000 - 0x000007fefeb48000 	C:\Windows\system32\NSI.dll
0x000007fef9d50000 - 0x000007fef9d8b000 	C:\Windows\system32\WINMM.dll
0x0000000076fb0000 - 0x0000000076fb7000 	C:\Windows\system32\PSAPI.DLL
0x0000000060e90000 - 0x0000000060e9f000 	C:\soft\jdk1.8.0_112\jre\bin\verify.dll
0x0000000060e60000 - 0x0000000060e89000 	C:\soft\jdk1.8.0_112\jre\bin\java.dll
0x0000000059420000 - 0x0000000059443000 	C:\soft\jdk1.8.0_112\jre\bin\instrument.dll
0x0000000059ec0000 - 0x0000000059ed6000 	C:\soft\jdk1.8.0_112\jre\bin\zip.dll
0x000007fefda60000 - 0x000007fefe7ec000 	C:\Windows\system32\SHELL32.dll
0x000007fefcb70000 - 0x000007fefcb7f000 	C:\Windows\system32\profapi.dll
0x000007fee48b0000 - 0x000007fee48ca000 	D:\IntelliJ IDEA 2017.1\bin\breakgen64.dll
0x0000000059780000 - 0x000000005979a000 	C:\soft\jdk1.8.0_112\jre\bin\net.dll
0x000007fefc3c0000 - 0x000007fefc415000 	C:\Windows\system32\mswsock.dll
0x000007fefc3b0000 - 0x000007fefc3b7000 	C:\Windows\System32\wship6.dll
0x000007fefa640000 - 0x000007fefa667000 	C:\Windows\system32\IPHLPAPI.DLL
0x000007fefa630000 - 0x000007fefa63b000 	C:\Windows\system32\WINNSI.DLL
0x000007fef9a50000 - 0x000007fef9a68000 	C:\Windows\system32\dhcpcsvc.DLL
0x000007fef9950000 - 0x000007fef9961000 	C:\Windows\system32\dhcpcsvc6.DLL
0x000007fefc240000 - 0x000007fefc29b000 	C:\Windows\system32\DNSAPI.dll
0x000007fefbc90000 - 0x000007fefbc97000 	C:\Windows\System32\wshtcpip.dll
0x000007fef6420000 - 0x000007fef6428000 	C:\Windows\system32\rasadhlp.dll
0x000007fef9af0000 - 0x000007fef9b43000 	C:\Windows\System32\fwpuclnt.dll
0x0000000063090000 - 0x000000006309d000 	C:\soft\jdk1.8.0_112\jre\bin\management.dll
0x000007fefb060000 - 0x000007fefb075000 	C:\Windows\system32\NLAapi.dll
0x000007fef3b60000 - 0x000007fef3b75000 	C:\Windows\system32\napinsp.dll
0x000007fef3b40000 - 0x000007fef3b59000 	C:\Windows\system32\pnrpnsp.dll
0x000007fef3b30000 - 0x000007fef3b3b000 	C:\Windows\System32\winrnr.dll
0x000007fef3b20000 - 0x000007fef3b30000 	C:\Windows\system32\wshbth.dll
0x00000000500c0000 - 0x00000000500d1000 	C:\soft\jdk1.8.0_112\jre\bin\nio.dll
0x0000000077170000 - 0x0000000077194000 	C:\soft\jdk1.8.0_112\jre\bin\sunec.dll
0x000007fefc420000 - 0x000007fefc438000 	C:\Windows\system32\CRYPTSP.dll
0x000007fefc120000 - 0x000007fefc167000 	C:\Windows\system32\rsaenh.dll
0x000007fefcc60000 - 0x000007fefcc7f000 	C:\Windows\system32\USERENV.dll
0x000007fefc9c0000 - 0x000007fefc9cf000 	C:\Windows\system32\CRYPTBASE.dll

VM Arguments:
jvm_args: -javaagent:D:\IntelliJ IDEA 2017.1\lib\idea_rt.jar=61592:D:\IntelliJ IDEA 2017.1\bin -Dfile.encoding=UTF-8 
java_command: com.sc.book.product.ProductApplication
java_class_path (initial): C:\soft\jdk1.8.0_112\jre\lib\charsets.jar;C:\soft\jdk1.8.0_112\jre\lib\deploy.jar;C:\soft\jdk1.8.0_112\jre\lib\ext\access-bridge-64.jar;C:\soft\jdk1.8.0_112\jre\lib\ext\cldrdata.jar;C:\soft\jdk1.8.0_112\jre\lib\ext\dnsns.jar;C:\soft\jdk1.8.0_112\jre\lib\ext\jaccess.jar;C:\soft\jdk1.8.0_112\jre\lib\ext\jfxrt.jar;C:\soft\jdk1.8.0_112\jre\lib\ext\localedata.jar;C:\soft\jdk1.8.0_112\jre\lib\ext\nashorn.jar;C:\soft\jdk1.8.0_112\jre\lib\ext\sunec.jar;C:\soft\jdk1.8.0_112\jre\lib\ext\sunjce_provider.jar;C:\soft\jdk1.8.0_112\jre\lib\ext\sunmscapi.jar;C:\soft\jdk1.8.0_112\jre\lib\ext\sunpkcs11.jar;C:\soft\jdk1.8.0_112\jre\lib\ext\zipfs.jar;C:\soft\jdk1.8.0_112\jre\lib\javaws.jar;C:\soft\jdk1.8.0_112\jre\lib\jce.jar;C:\soft\jdk1.8.0_112\jre\lib\jfr.jar;C:\soft\jdk1.8.0_112\jre\lib\jfxswt.jar;C:\soft\jdk1.8.0_112\jre\lib\jsse.jar;C:\soft\jdk1.8.0_112\jre\lib\management-agent.jar;C:\soft\jdk1.8.0_112\jre\lib\plugin.jar;C:\soft\jdk1.8.0_112\jre\lib\resources.jar;C:\soft\jdk1.8.0_112\jre\lib\rt.jar;D:\SpringCloud\springcloud-demo\demo013-e-book\config\config-encrypt-symmetric-product-core\target\classes;E:\repository\org\springframework\cloud\spring-cloud-starter-eureka\1.3.1.RELEASE\spring-cloud-starter-eureka-1.3.1.RELEASE.jar;E:\repository\org\springframework\cloud\spring-cloud-starter\1.2.2.RELEASE\spring-cloud-starter-1.2.2.RELEASE.jar;E:\repository\org\springframework\cloud\spring-cloud-context\1.2.2.RELEASE\spring-cloud-context-1.2.2.RELEASE.jar;E:\repository\org\springframework\security\spring-security-rsa\1.0.3.RELEASE\spring-security-rsa-1.0.3.RELEASE.jar;E:\repository\org\bouncycastle\bcpkix-jdk15on\1.55\bcpkix-jdk15on-1.55.jar;E:\repository\org\bouncycastle\bcprov-jdk15on\1.55\bcprov-jdk15on-1.55.jar;E:\repository\org\springframework\cloud\spring-cloud-netflix-core\1.3.1.RELEASE\spring-cloud-netflix-core-1.3.1.RELEASE.jar;E:\repository\org\springframework\cloud\spring-cloud-netflix-eureka-client\1.3.1.RELEASE\spring-cloud-netflix-eureka-cl
Launcher Type: SUN_STANDARD

Environment Variables:
JAVA_HOME=C:\soft\jdk1.8.0_112
CLASSPATH=.;C:\soft\jdk1.8.0_112\lib\tools.jar;C:\soft\jdk1.8.0_112\lib\dt.jar;C:\soft\jdk1.8.0_112\jre\lib\rt.jar
PATH=E:\app\Administrator\product\11.2.0\dbhome_1\bin;C:\Windows\system32;C:\Windows;C:\Windows\System32\Wbem;C:\Windows\System32\WindowsPowerShell\v1.0\;%JAVA_HOME%\bin;D:\MySQL Server 5.5\bin;D:\TortoiseSVN\bin;D:\Git\cmd;C:\soft\jdk1.8.0_112\bin
USERNAME=Administrator
OS=Windows_NT
PROCESSOR_IDENTIFIER=Intel64 Family 6 Model 69 Stepping 1, GenuineIntel



---------------  S Y S T E M  ---------------

OS: Windows 7 , 64 bit Build 7601 (6.1.7601.23403)

CPU:total 4 (2 cores per cpu, 2 threads per core) family 6 model 69 stepping 1, cmov, cx8, fxsr, mmx, sse, sse2, sse3, ssse3, sse4.1, sse4.2, popcnt, avx, avx2, aes, clmul, erms, lzcnt, ht, tsc, tscinvbit, bmi1, bmi2

Memory: 4k page, physical 12136764k(3883936k free), swap 12134908k(5292k free)

vm_info: Java HotSpot(TM) 64-Bit Server VM (25.112-b15) for windows-amd64 JRE (1.8.0_112-b15), built on Sep 22 2016 21:31:56 by "java_re" with MS VC++ 10.0 (VS2010)

time: Sat Jul 21 16:38:31 2018
elapsed time: 148 seconds (0d 0h 2m 28s)

