00:04:01.640 [main] INFO  o.s.c.a.AnnotationConfigApplicationContext - Refreshing org.springframework.context.annotation.AnnotationConfigApplicationContext@31304f14: startup date [Thu Jun 28 00:04:01 CST 2018]; root of context hierarchy
00:04:02.397 [background-preinit] INFO  o.h.validator.internal.util.Version - HV000001: Hibernate Validator 5.3.5.Final
00:04:02.520 [main] INFO  o.s.b.f.a.AutowiredAnnotationBeanPostProcessor - JSR-330 'javax.inject.Inject' annotation found and supported for autowiring
00:04:02.805 [main] INFO  o.s.c.s.PostProcessorRegistrationDelegate$BeanPostProcessorChecker - Bean 'configurationPropertiesRebinderAutoConfiguration' of type [org.springframework.cloud.autoconfigure.ConfigurationPropertiesRebinderAutoConfiguration$$EnhancerBySpringCGLIB$$770a8a48] is not eligible for getting processed by all BeanPostProcessors (for example: not eligible for auto-proxying)
00:04:04.468 [main] INFO  com.eureka.Consumer1Application - No active profile set, falling back to default profiles: default
00:04:04.515 [main] INFO  o.s.b.c.e.AnnotationConfigEmbeddedWebApplicationContext - Refreshing org.springframework.boot.context.embedded.AnnotationConfigEmbeddedWebApplicationContext@55dfcc6: startup date [Thu Jun 28 00:04:04 CST 2018]; parent: org.springframework.context.annotation.AnnotationConfigApplicationContext@31304f14
00:04:07.532 [main] INFO  o.s.d.r.c.RepositoryConfigurationDelegate - Multiple Spring Data modules found, entering strict repository configuration mode!
00:04:08.748 [main] INFO  o.s.cloud.context.scope.GenericScope - BeanFactory id=8989a39d-fa71-3486-b491-bdaa75f91dd1
00:04:08.796 [main] INFO  o.s.b.f.a.AutowiredAnnotationBeanPostProcessor - JSR-330 'javax.inject.Inject' annotation found and supported for autowiring
00:04:09.712 [main] INFO  o.s.c.s.PostProcessorRegistrationDelegate$BeanPostProcessorChecker - Bean 'org.springframework.cloud.autoconfigure.ConfigurationPropertiesRebinderAutoConfiguration' of type [org.springframework.cloud.autoconfigure.ConfigurationPropertiesRebinderAutoConfiguration$$EnhancerBySpringCGLIB$$770a8a48] is not eligible for getting processed by all BeanPostProcessors (for example: not eligible for auto-proxying)
00:04:12.520 [main] INFO  o.s.b.c.e.t.TomcatEmbeddedServletContainer - Tomcat initialized with port(s): 9000 (http)
00:04:12.543 [main] INFO  o.a.catalina.core.StandardService - Starting service [Tomcat]
00:04:12.545 [main] INFO  o.a.catalina.core.StandardEngine - Starting Servlet Engine: Apache Tomcat/8.5.16
00:04:13.064 [localhost-startStop-1] INFO  o.a.c.c.C.[Tomcat].[localhost].[/] - Initializing Spring embedded WebApplicationContext
00:04:13.065 [localhost-startStop-1] INFO  o.s.web.context.ContextLoader - Root WebApplicationContext: initialization completed in 8551 ms
00:04:13.655 [localhost-startStop-1] INFO  o.s.b.w.s.ServletRegistrationBean - Mapping servlet: 'dispatcherServlet' to [/]
00:04:13.664 [localhost-startStop-1] INFO  o.s.b.w.s.FilterRegistrationBean - Mapping filter: 'characterEncodingFilter' to: [/*]
00:04:13.665 [localhost-startStop-1] INFO  o.s.b.w.s.FilterRegistrationBean - Mapping filter: 'hiddenHttpMethodFilter' to: [/*]
00:04:13.665 [localhost-startStop-1] INFO  o.s.b.w.s.FilterRegistrationBean - Mapping filter: 'httpPutFormContentFilter' to: [/*]
00:04:13.665 [localhost-startStop-1] INFO  o.s.b.w.s.FilterRegistrationBean - Mapping filter: 'requestContextFilter' to: [/*]
00:04:16.230 [main] WARN  c.n.c.sources.URLConfigurationSource - No URLs will be polled as dynamic configuration sources.
00:04:16.231 [main] INFO  c.n.c.sources.URLConfigurationSource - To enable URLs as dynamic configuration sources, define System property archaius.configurationSource.additionalUrls or make config.properties available on classpath.
00:04:16.246 [main] WARN  c.n.c.sources.URLConfigurationSource - No URLs will be polled as dynamic configuration sources.
00:04:16.248 [main] INFO  c.n.c.sources.URLConfigurationSource - To enable URLs as dynamic configuration sources, define System property archaius.configurationSource.additionalUrls or make config.properties available on classpath.
00:04:17.458 [main] INFO  o.s.w.s.m.m.a.RequestMappingHandlerAdapter - Looking for @ControllerAdvice: org.springframework.boot.context.embedded.AnnotationConfigEmbeddedWebApplicationContext@55dfcc6: startup date [Thu Jun 28 00:04:04 CST 2018]; parent: org.springframework.context.annotation.AnnotationConfigApplicationContext@31304f14
00:04:17.703 [main] INFO  o.s.w.s.m.m.a.RequestMappingHandlerMapping - Mapped "{[/getProduct],methods=[GET]}" onto public void com.eureka.controller.ProductController.getProduct() throws java.util.concurrent.ExecutionException,java.lang.InterruptedException
00:04:17.710 [main] INFO  o.s.w.s.m.m.a.RequestMappingHandlerMapping - Mapped "{[/error]}" onto public org.springframework.http.ResponseEntity<java.util.Map<java.lang.String, java.lang.Object>> org.springframework.boot.autoconfigure.web.BasicErrorController.error(javax.servlet.http.HttpServletRequest)
00:04:17.711 [main] INFO  o.s.w.s.m.m.a.RequestMappingHandlerMapping - Mapped "{[/error],produces=[text/html]}" onto public org.springframework.web.servlet.ModelAndView org.springframework.boot.autoconfigure.web.BasicErrorController.errorHtml(javax.servlet.http.HttpServletRequest,javax.servlet.http.HttpServletResponse)
00:04:17.893 [main] INFO  o.s.w.s.h.SimpleUrlHandlerMapping - Mapped URL path [/webjars/**] onto handler of type [class org.springframework.web.servlet.resource.ResourceHttpRequestHandler]
00:04:17.893 [main] INFO  o.s.w.s.h.SimpleUrlHandlerMapping - Mapped URL path [/**] onto handler of type [class org.springframework.web.servlet.resource.ResourceHttpRequestHandler]
00:04:18.044 [main] INFO  o.s.w.s.h.SimpleUrlHandlerMapping - Mapped URL path [/**/favicon.ico] onto handler of type [class org.springframework.web.servlet.resource.ResourceHttpRequestHandler]
00:04:20.296 [main] INFO  o.s.j.e.a.AnnotationMBeanExporter - Registering beans for JMX exposure on startup
00:04:20.314 [main] INFO  o.s.j.e.a.AnnotationMBeanExporter - Bean with name 'environmentManager' has been autodetected for JMX exposure
00:04:20.316 [main] INFO  o.s.j.e.a.AnnotationMBeanExporter - Bean with name 'configurationPropertiesRebinder' has been autodetected for JMX exposure
00:04:20.319 [main] INFO  o.s.j.e.a.AnnotationMBeanExporter - Bean with name 'refreshScope' has been autodetected for JMX exposure
00:04:20.324 [main] INFO  o.s.j.e.a.AnnotationMBeanExporter - Located managed bean 'environmentManager': registering with JMX server as MBean [org.springframework.cloud.context.environment:name=environmentManager,type=EnvironmentManager]
00:04:20.348 [main] INFO  o.s.j.e.a.AnnotationMBeanExporter - Located managed bean 'refreshScope': registering with JMX server as MBean [org.springframework.cloud.context.scope.refresh:name=refreshScope,type=RefreshScope]
00:04:20.369 [main] INFO  o.s.j.e.a.AnnotationMBeanExporter - Located managed bean 'configurationPropertiesRebinder': registering with JMX server as MBean [org.springframework.cloud.context.properties:name=configurationPropertiesRebinder,context=55dfcc6,type=ConfigurationPropertiesRebinder]
00:04:20.700 [main] INFO  o.s.c.s.DefaultLifecycleProcessor - Starting beans in phase 0
00:04:20.722 [main] INFO  o.s.c.n.eureka.InstanceInfoFactory - Setting initial instance status as: STARTING
00:04:20.857 [main] INFO  c.netflix.discovery.DiscoveryClient - Initializing Eureka in region us-east-1
00:04:21.991 [main] INFO  c.n.d.p.DiscoveryJerseyProvider - Using JSON encoding codec LegacyJacksonJson
00:04:21.991 [main] INFO  c.n.d.p.DiscoveryJerseyProvider - Using JSON decoding codec LegacyJacksonJson
00:04:22.237 [main] INFO  c.n.d.p.DiscoveryJerseyProvider - Using XML encoding codec XStreamXml
00:04:22.239 [main] INFO  c.n.d.p.DiscoveryJerseyProvider - Using XML decoding codec XStreamXml
00:04:22.698 [main] INFO  c.n.d.s.r.aws.ConfigClusterResolver - Resolving eureka endpoints via configuration
00:04:23.218 [main] INFO  c.netflix.discovery.DiscoveryClient - Disable delta property : false
00:04:23.219 [main] INFO  c.netflix.discovery.DiscoveryClient - Single vip registry refresh property : null
00:04:23.219 [main] INFO  c.netflix.discovery.DiscoveryClient - Force full registry fetch : false
00:04:23.219 [main] INFO  c.netflix.discovery.DiscoveryClient - Application is null : false
00:04:23.220 [main] INFO  c.netflix.discovery.DiscoveryClient - Registered Applications size is zero : true
00:04:23.220 [main] INFO  c.netflix.discovery.DiscoveryClient - Application version is -1: true
00:04:23.221 [main] INFO  c.netflix.discovery.DiscoveryClient - Getting all instance registry info from the eureka server
00:04:23.698 [main] INFO  c.netflix.discovery.DiscoveryClient - The response status is 200
00:04:23.703 [main] INFO  c.netflix.discovery.DiscoveryClient - Starting heartbeat executor: renew interval is: 30
00:04:23.709 [main] INFO  c.n.discovery.InstanceInfoReplicator - InstanceInfoReplicator onDemand update allowed rate per min is 4
00:04:23.716 [main] INFO  c.netflix.discovery.DiscoveryClient - Discovery Client initialized at timestamp 1530115463716 with initial instances count: 4
00:04:23.881 [main] INFO  o.s.c.n.e.s.EurekaServiceRegistry - Registering application e-book-consumer-hystrix-batch with eureka with status UP
00:04:23.882 [main] INFO  c.netflix.discovery.DiscoveryClient - Saw local status change event StatusChangeEvent [timestamp=1530115463882, current=UP, previous=STARTING]
00:04:23.885 [DiscoveryClient-InstanceInfoReplicator-0] INFO  c.netflix.discovery.DiscoveryClient - DiscoveryClient_E-BOOK-CONSUMER-HYSTRIX-BATCH/NODE-20180603IJ.lan:e-book-consumer-hystrix-batch:9000: registering service...
00:04:23.950 [main] INFO  o.a.coyote.http11.Http11NioProtocol - Initializing ProtocolHandler ["http-nio-9000"]
00:04:23.984 [main] INFO  o.a.coyote.http11.Http11NioProtocol - Starting ProtocolHandler ["http-nio-9000"]
00:04:24.013 [DiscoveryClient-InstanceInfoReplicator-0] INFO  c.netflix.discovery.DiscoveryClient - DiscoveryClient_E-BOOK-CONSUMER-HYSTRIX-BATCH/NODE-20180603IJ.lan:e-book-consumer-hystrix-batch:9000 - registration status: 204
00:04:24.018 [main] INFO  o.a.tomcat.util.net.NioSelectorPool - Using a shared selector for servlet write/read
00:04:24.071 [main] INFO  o.s.b.c.e.t.TomcatEmbeddedServletContainer - Tomcat started on port(s): 9000 (http)
00:04:24.074 [main] INFO  o.s.c.n.e.s.EurekaAutoServiceRegistration - Updating port to 9000
00:04:24.082 [main] INFO  com.eureka.Consumer1Application - Started Consumer1Application in 24.673 seconds (JVM running for 29.228)
00:04:31.723 [http-nio-9000-exec-1] INFO  o.a.c.c.C.[Tomcat].[localhost].[/] - Initializing Spring FrameworkServlet 'dispatcherServlet'
00:04:31.723 [http-nio-9000-exec-1] INFO  o.s.web.servlet.DispatcherServlet - FrameworkServlet 'dispatcherServlet': initialization started
00:04:31.804 [http-nio-9000-exec-1] INFO  o.s.web.servlet.DispatcherServlet - FrameworkServlet 'dispatcherServlet': initialization completed in 79 ms
