20:01:07.031 [main] INFO  o.s.b.t.c.SpringBootTestContextBootstrapper - Neither @ContextConfiguration nor @ContextHierarchy found for test class [com.book.EBookProductCoreApplicationTests], using SpringBootContextLoader
20:01:07.048 [main] INFO  o.s.t.c.s.AbstractContextLoader - Could not detect default resource locations for test class [com.book.EBookProductCoreApplicationTests]: no resource found for suffixes {-context.xml, Context.groovy}.
20:01:07.048 [main] INFO  o.s.t.c.s.AnnotationConfigContextLoaderUtils - Could not detect default configuration classes for test class [com.book.EBookProductCoreApplicationTests]: EBookProductCoreApplicationTests does not declare any static, non-private, non-final, nested classes annotated with @Configuration.
20:01:07.352 [main] INFO  o.s.b.t.c.SpringBootTestContextBootstrapper - Found @SpringBootConfiguration com.book.EBookProductCoreApplication for test class com.book.EBookProductCoreApplicationTests
20:01:07.359 [main] INFO  o.s.b.t.c.SpringBootTestContextBootstrapper - Loaded default TestExecutionListener class names from location [META-INF/spring.factories]: [org.springframework.boot.test.mock.mockito.MockitoTestExecutionListener, org.springframework.boot.test.mock.mockito.ResetMocksTestExecutionListener, org.springframework.boot.test.autoconfigure.restdocs.RestDocsTestExecutionListener, org.springframework.boot.test.autoconfigure.web.client.MockRestServiceServerResetTestExecutionListener, org.springframework.boot.test.autoconfigure.web.servlet.MockMvcPrintOnlyOnFailureTestExecutionListener, org.springframework.boot.test.autoconfigure.web.servlet.WebDriverTestExecutionListener, org.springframework.test.context.web.ServletTestExecutionListener, org.springframework.test.context.support.DirtiesContextBeforeModesTestExecutionListener, org.springframework.test.context.support.DependencyInjectionTestExecutionListener, org.springframework.test.context.support.DirtiesContextTestExecutionListener, org.springframework.test.context.transaction.TransactionalTestExecutionListener, org.springframework.test.context.jdbc.SqlScriptsTestExecutionListener]
20:01:07.395 [main] INFO  o.s.b.t.c.SpringBootTestContextBootstrapper - Could not instantiate TestExecutionListener [org.springframework.test.context.jdbc.SqlScriptsTestExecutionListener]. Specify custom listener classes or make the default listener classes (and their required dependencies) available. Offending class: [org/springframework/transaction/interceptor/TransactionAttribute]
20:01:07.396 [main] INFO  o.s.b.t.c.SpringBootTestContextBootstrapper - Could not instantiate TestExecutionListener [org.springframework.test.context.transaction.TransactionalTestExecutionListener]. Specify custom listener classes or make the default listener classes (and their required dependencies) available. Offending class: [org/springframework/transaction/interceptor/TransactionAttributeSource]
20:01:07.397 [main] INFO  o.s.b.t.c.SpringBootTestContextBootstrapper - Using TestExecutionListeners: [org.springframework.test.context.web.ServletTestExecutionListener@13f4916, org.springframework.test.context.support.DirtiesContextBeforeModesTestExecutionListener@14cb805, org.springframework.boot.test.autoconfigure.SpringBootDependencyInjectionTestExecutionListener@15a5ed1, org.springframework.test.context.support.DirtiesContextTestExecutionListener@1d016c9, org.springframework.boot.test.autoconfigure.restdocs.RestDocsTestExecutionListener@c2931c, org.springframework.boot.test.autoconfigure.web.client.MockRestServiceServerResetTestExecutionListener@d28811, org.springframework.boot.test.mock.mockito.MockitoTestExecutionListener@167e60c, org.springframework.boot.test.mock.mockito.ResetMocksTestExecutionListener@d8c9b7, org.springframework.boot.test.autoconfigure.web.servlet.WebDriverTestExecutionListener@aaecc3, org.springframework.boot.test.autoconfigure.web.servlet.MockMvcPrintOnlyOnFailureTestExecutionListener@c77c7]
20:01:08.372 [main] INFO  o.s.c.a.AnnotationConfigApplicationContext - Refreshing org.springframework.context.annotation.AnnotationConfigApplicationContext@2c3d18: startup date [Thu Jun 28 20:01:08 CST 2018]; root of context hierarchy
20:01:08.689 [main] INFO  o.s.b.f.a.AutowiredAnnotationBeanPostProcessor - JSR-330 'javax.inject.Inject' annotation found and supported for autowiring
20:01:08.738 [background-preinit] INFO  o.h.validator.internal.util.Version - HV000001: Hibernate Validator 5.3.5.Final
20:01:08.771 [main] INFO  o.s.c.s.PostProcessorRegistrationDelegate$BeanPostProcessorChecker - Bean 'configurationPropertiesRebinderAutoConfiguration' of type [org.springframework.cloud.autoconfigure.ConfigurationPropertiesRebinderAutoConfiguration$$EnhancerBySpringCGLIB$$e5de6b34] is not eligible for getting processed by all BeanPostProcessors (for example: not eligible for auto-proxying)
20:01:09.463 [main] INFO  c.b.EBookProductCoreApplicationTests - No active profile set, falling back to default profiles: default
20:01:09.473 [main] INFO  o.s.w.c.s.GenericWebApplicationContext - Refreshing org.springframework.web.context.support.GenericWebApplicationContext@116e95f: startup date [Thu Jun 28 20:01:09 CST 2018]; parent: org.springframework.context.annotation.AnnotationConfigApplicationContext@2c3d18
20:01:10.267 [main] INFO  o.s.cloud.context.scope.GenericScope - BeanFactory id=b44b95e4-10c5-36ea-b1d4-7f8335e3ae03
20:01:10.331 [main] INFO  o.s.b.f.a.AutowiredAnnotationBeanPostProcessor - JSR-330 'javax.inject.Inject' annotation found and supported for autowiring
20:01:10.399 [main] INFO  o.s.c.s.PostProcessorRegistrationDelegate$BeanPostProcessorChecker - Bean 'org.springframework.cloud.autoconfigure.ConfigurationPropertiesRebinderAutoConfiguration' of type [org.springframework.cloud.autoconfigure.ConfigurationPropertiesRebinderAutoConfiguration$$EnhancerBySpringCGLIB$$e5de6b34] is not eligible for getting processed by all BeanPostProcessors (for example: not eligible for auto-proxying)
20:01:11.193 [main] WARN  c.n.c.sources.URLConfigurationSource - No URLs will be polled as dynamic configuration sources.
20:01:11.197 [main] INFO  c.n.c.sources.URLConfigurationSource - To enable URLs as dynamic configuration sources, define System property archaius.configurationSource.additionalUrls or make config.properties available on classpath.
20:01:11.198 [main] WARN  c.n.c.sources.URLConfigurationSource - No URLs will be polled as dynamic configuration sources.
20:01:11.198 [main] INFO  c.n.c.sources.URLConfigurationSource - To enable URLs as dynamic configuration sources, define System property archaius.configurationSource.additionalUrls or make config.properties available on classpath.
20:01:11.408 [main] INFO  o.s.w.s.m.m.a.RequestMappingHandlerAdapter - Looking for @ControllerAdvice: org.springframework.web.context.support.GenericWebApplicationContext@116e95f: startup date [Thu Jun 28 20:01:09 CST 2018]; parent: org.springframework.context.annotation.AnnotationConfigApplicationContext@2c3d18
20:01:11.502 [main] INFO  o.s.w.s.m.m.a.RequestMappingHandlerMapping - Mapped "{[/product/add],methods=[POST],consumes=[application/json]}" onto public com.book.product.domain.Product com.book.product.facade.ProductFacadeImpl.add(com.book.product.domain.Product)
20:01:11.503 [main] INFO  o.s.w.s.m.m.a.RequestMappingHandlerMapping - Mapped "{[/product/get],methods=[GET]}" onto public com.book.product.domain.Product com.book.product.facade.ProductFacadeImpl.get(java.lang.Integer)
20:01:11.504 [main] INFO  o.s.w.s.m.m.a.RequestMappingHandlerMapping - Mapped "{[/product/list],methods=[GET]}" onto public java.util.List<com.book.product.domain.Product> com.book.product.facade.ProductFacadeImpl.list()
20:01:11.504 [main] INFO  o.s.w.s.m.m.a.RequestMappingHandlerMapping - Mapped "{[/product/get1],methods=[GET],consumes=[application/json]}" onto public com.book.product.domain.Product com.book.product.facade.ProductFacadeImpl.get1(com.book.product.domain.Product)
20:01:11.504 [main] INFO  o.s.w.s.m.m.a.RequestMappingHandlerMapping - Mapped "{[/product/get2],methods=[GET]}" onto public com.book.product.domain.Product com.book.product.facade.ProductFacadeImpl.get2(java.lang.Integer,java.lang.String)
20:01:11.508 [main] INFO  o.s.w.s.m.m.a.RequestMappingHandlerMapping - Mapped "{[/error]}" onto public org.springframework.http.ResponseEntity<java.util.Map<java.lang.String, java.lang.Object>> org.springframework.boot.autoconfigure.web.BasicErrorController.error(javax.servlet.http.HttpServletRequest)
20:01:11.508 [main] INFO  o.s.w.s.m.m.a.RequestMappingHandlerMapping - Mapped "{[/error],produces=[text/html]}" onto public org.springframework.web.servlet.ModelAndView org.springframework.boot.autoconfigure.web.BasicErrorController.errorHtml(javax.servlet.http.HttpServletRequest,javax.servlet.http.HttpServletResponse)
20:01:11.551 [main] INFO  o.s.w.s.h.SimpleUrlHandlerMapping - Mapped URL path [/webjars/**] onto handler of type [class org.springframework.web.servlet.resource.ResourceHttpRequestHandler]
20:01:11.552 [main] INFO  o.s.w.s.h.SimpleUrlHandlerMapping - Mapped URL path [/**] onto handler of type [class org.springframework.web.servlet.resource.ResourceHttpRequestHandler]
20:01:11.592 [main] INFO  o.s.w.s.h.SimpleUrlHandlerMapping - Mapped URL path [/**/favicon.ico] onto handler of type [class org.springframework.web.servlet.resource.ResourceHttpRequestHandler]
20:01:12.121 [main] INFO  o.s.c.s.DefaultLifecycleProcessor - Starting beans in phase 0
20:01:12.131 [main] INFO  c.b.EBookProductCoreApplicationTests - Started EBookProductCoreApplicationTests in 4.5 seconds (JVM running for 6.227)
20:01:12.368 [Thread-11] INFO  o.s.w.c.s.GenericWebApplicationContext - Closing org.springframework.web.context.support.GenericWebApplicationContext@116e95f: startup date [Thu Jun 28 20:01:09 CST 2018]; parent: org.springframework.context.annotation.AnnotationConfigApplicationContext@2c3d18
20:01:12.375 [Thread-11] INFO  o.s.c.n.eureka.InstanceInfoFactory - Setting initial instance status as: STARTING
20:01:12.394 [Thread-11] INFO  o.s.c.n.e.s.EurekaServiceRegistry - Unregistering application e-book-product with eureka with status DOWN
20:01:12.442 [Thread-11] INFO  c.netflix.discovery.DiscoveryClient - Initializing Eureka in region us-east-1
20:01:12.858 [Thread-11] INFO  c.n.d.p.DiscoveryJerseyProvider - Using JSON encoding codec LegacyJacksonJson
20:01:12.858 [Thread-11] INFO  c.n.d.p.DiscoveryJerseyProvider - Using JSON decoding codec LegacyJacksonJson
20:01:13.036 [Thread-11] INFO  c.n.d.p.DiscoveryJerseyProvider - Using XML encoding codec XStreamXml
20:01:13.036 [Thread-11] INFO  c.n.d.p.DiscoveryJerseyProvider - Using XML decoding codec XStreamXml
20:01:13.295 [Thread-11] INFO  c.n.d.s.r.aws.ConfigClusterResolver - Resolving eureka endpoints via configuration
20:01:13.475 [Thread-11] INFO  c.netflix.discovery.DiscoveryClient - Disable delta property : false
20:01:13.475 [Thread-11] INFO  c.netflix.discovery.DiscoveryClient - Single vip registry refresh property : null
20:01:13.475 [Thread-11] INFO  c.netflix.discovery.DiscoveryClient - Force full registry fetch : false
20:01:13.483 [Thread-11] INFO  c.netflix.discovery.DiscoveryClient - Application is null : false
20:01:13.483 [Thread-11] INFO  c.netflix.discovery.DiscoveryClient - Registered Applications size is zero : true
20:01:13.483 [Thread-11] INFO  c.netflix.discovery.DiscoveryClient - Application version is -1: true
20:01:13.484 [Thread-11] INFO  c.netflix.discovery.DiscoveryClient - Getting all instance registry info from the eureka server
20:01:13.891 [Thread-11] INFO  c.netflix.discovery.DiscoveryClient - The response status is 200
20:01:13.896 [Thread-11] INFO  c.netflix.discovery.DiscoveryClient - Starting heartbeat executor: renew interval is: 30
20:01:13.899 [Thread-11] INFO  c.n.discovery.InstanceInfoReplicator - InstanceInfoReplicator onDemand update allowed rate per min is 4
20:01:13.900 [Thread-11] INFO  c.netflix.discovery.DiscoveryClient - Discovery Client initialized at timestamp 1530187273900 with initial instances count: 2
20:01:13.929 [Thread-11] INFO  c.netflix.discovery.DiscoveryClient - Shutting down DiscoveryClient ...
20:01:13.934 [Thread-11] INFO  c.netflix.discovery.DiscoveryClient - Unregistering ...
20:01:14.045 [Thread-11] INFO  c.netflix.discovery.DiscoveryClient - DiscoveryClient_E-BOOK-PRODUCT/LAPTOP-4B6GRFKL:e-book-product:-1 - deregister  status: 404
20:01:14.085 [Thread-11] INFO  c.netflix.discovery.DiscoveryClient - Completed shut down of DiscoveryClient
20:01:14.087 [Thread-11] INFO  o.s.c.s.DefaultLifecycleProcessor - Stopping beans in phase 0
